#
# A fatal error has been detected by the Java Runtime Environment:
#
#  EXCEPTION_IN_PAGE_ERROR (0xc0000006) at pc=0x00007ff8a4c71759, pid=9248, tid=8648
#
# JRE version:  (17.0.14+7) (build )
# Java VM: OpenJDK 64-Bit Server VM (17.0.14+7-LTS, mixed mode, sharing, tiered, compressed oops, compressed class ptrs, g1 gc, windows-amd64)
# Problematic frame:
# C  [VCRUNTIME140.dll+0x11759]
#
# No core dump will be written. Minidumps are not enabled by default on client versions of Windows
#
#

---------------  S U M M A R Y ------------

Command Line: -Dapplication.home=C:\Program Files (x86)\Android\openjdk\jdk-17.0.14 --add-modules=ALL-DEFAULT -Xms8m -Djdk.module.main=jdk.compiler jdk.compiler/com.sun.tools.javac.Main -version

Host: Intel(R) Core(TM) i7-3770 CPU @ 3.40GHz, 8 cores, 15G,  Windows 10 , 64 bit Build 19041 (10.0.19041.5915)
Time: Tue Jan 20 17:24:33 2026 Central Europe Standard Time elapsed time: 0.025216 seconds (0d 0h 0m 0s)

---------------  T H R E A D  ---------------

Current thread is native thread

Stack: [0x000000628b400000,0x000000628b500000],  sp=0x000000628b4ff480,  free space=1021k
Native frames: (J=compiled Java code, j=interpreted, Vv=VM code, C=native code)
C  [VCRUNTIME140.dll+0x11759]
V  [jvm.dll+0x6aaab3]
V  [jvm.dll+0x6a9787]
V  [jvm.dll+0x6a9330]
V  [jvm.dll+0x370d57]
V  [jvm.dll+0x7efea1]
V  [jvm.dll+0x3f76ff]
V  [jvm.dll+0x3f9231]
C  [jli.dll+0x52a0]
C  [ucrtbase.dll+0x21bb2]
C  [KERNEL32.DLL+0x17374]
C  [ntdll.dll+0x4cc91]


siginfo: EXCEPTION_IN_PAGE_ERROR (0xc0000006), writing address 0x0000023ff6270000


Registers:
RAX=0x0000000000000000, RBX=0x0000023ff6270000, RCX=0x0000000000010000, RDX=0x0000000000000000
RSP=0x000000628b4ff480, RBP=0x0000023ff83f52e0, RSI=0x0000023ff600b280, RDI=0x0000023ff6270000
R8 =0x0000000000010000, R9 =0x0000023ff6270000, R10=0x00007ff8a4c60000, R11=0x0000000000000000
R12=0x0000000000000003, R13=0x00007ff86ced3960, R14=0x0000023ff5fe4410, R15=0x0000000000010000
RIP=0x00007ff8a4c71759, EFLAGS=0x0000000000010202


Top of Stack: (sp=0x000000628b4ff480)
0x000000628b4ff480:   0000000000000000 00007ff86cbaaab3
0x000000628b4ff490:   0000023ff83f52e0 0000023ff600b280
0x000000628b4ff4a0:   0000023ff600b280 0000000000000194
0x000000628b4ff4b0:   0000000000010000 000000628b4ff4d0
0x000000628b4ff4c0:   000000628b4ff750 0000000000000104
0x000000628b4ff4d0:   0000000000000103 0000023ff83f52e5
0x000000628b4ff4e0:   0000000000000101 0000000000000004
0x000000628b4ff4f0:   0000023ff5fd0000 000000628b4ff5b9
0x000000628b4ff500:   0000000000000002 00007ff9238bb3c7
0x000000628b4ff510:   0000023ff61b0000 0000006200000000
0x000000628b4ff520:   0000000000000014 00007ff900000000
0x000000628b4ff530:   0000023f005c3a43 00007ff900000000
0x000000628b4ff540:   0000000200000080 00007ff900000000
0x000000628b4ff550:   000000000000379e 00007ff9239fa540
0x000000628b4ff560:   0000000200000000 0000000000000000
0x000000628b4ff570:   0000000000000000 00000000029e5a65
0x000000628b4ff580:   7917ad8300000000 0000000000000000
0x000000628b4ff590:   0000000000240025 00000000000000d3
0x000000628b4ff5a0:   0000023ff600bfd0 0000023ff61b0000
0x000000628b4ff5b0:   0000000000000000 00007ff9238b0b31
0x000000628b4ff5c0:   0000023f00000000 0000023ff61b0e40
0x000000628b4ff5d0:   0000000000110009 0000023ff61b0000
0x000000628b4ff5e0:   00007ff86cb45800 000000628b4ffcb8
0x000000628b4ff5f0:   00007ff86ced3960 0000000000000003
0x000000628b4ff600:   000000628b4ff6c0 0000000000000008
0x000000628b4ff610:   0000000000000000 00007ff9238bb86b
0x000000628b4ff620:   00000000000d0049 00000000000000db
0x000000628b4ff630:   0000023ff600c110 00007ff9216d0000
0x000000628b4ff640:   000000628b4ff6c0 00007ff86cb7acdb
0x000000628b4ff650:   0000000000000000 0000023ff61b0fc0
0x000000628b4ff660:   000000628b4ff6f0 0000023ff61b0000
0x000000628b4ff670:   0000023ff61b02ac 00007ff86cb79658 

Instructions: (pc=0x00007ff8a4c71759)
0x00007ff8a4c71659:   0f 10 44 11 f0 48 83 e9 10 49 83 e8 10 f6 c1 0f
0x00007ff8a4c71669:   74 18 4c 8b c9 48 83 e1 f0 0f 10 c8 0f 10 04 11
0x00007ff8a4c71679:   41 0f 11 09 4c 8b c1 4c 2b c0 4d 8b c8 49 c1 e9
0x00007ff8a4c71689:   07 74 71 0f 29 01 eb 16 66 66 66 66 66 66 66 0f
0x00007ff8a4c71699:   1f 84 00 00 00 00 00 0f 29 41 10 0f 29 09 0f 10
0x00007ff8a4c716a9:   44 11 f0 0f 10 4c 11 e0 48 81 e9 80 00 00 00 0f
0x00007ff8a4c716b9:   29 41 70 0f 29 49 60 0f 10 44 11 50 0f 10 4c 11
0x00007ff8a4c716c9:   40 49 ff c9 0f 29 41 50 0f 29 49 40 0f 10 44 11
0x00007ff8a4c716d9:   30 0f 10 4c 11 20 0f 29 41 30 0f 29 49 20 0f 10
0x00007ff8a4c716e9:   44 11 10 0f 10 0c 11 75 ae 0f 29 41 10 49 83 e0
0x00007ff8a4c716f9:   7f 0f 28 c1 4d 8b c8 49 c1 e9 04 74 1a 66 66 0f
0x00007ff8a4c71709:   1f 84 00 00 00 00 00 0f 11 01 48 83 e9 10 0f 10
0x00007ff8a4c71719:   04 11 49 ff c9 75 f0 49 83 e0 0f 74 03 0f 11 10
0x00007ff8a4c71729:   0f 11 01 c3 cc cc cc cc cc cc cc cc cc 66 66 0f
0x00007ff8a4c71739:   1f 84 00 00 00 00 00 cc cc cc cc cc cc 66 66 0f
0x00007ff8a4c71749:   1f 84 00 00 00 00 00 57 8b c2 48 8b f9 49 8b c8
0x00007ff8a4c71759:   f3 aa 49 8b c1 5f c3 48 8b c1 4c 8b c9 4c 8d 15
0x00007ff8a4c71769:   93 e8 fe ff 0f b6 d2 49 bb 01 01 01 01 01 01 01
0x00007ff8a4c71779:   01 4c 0f af da 66 49 0f 6e c3 49 83 f8 0f 0f 87
0x00007ff8a4c71789:   83 00 00 00 0f 1f 00 49 03 c8 47 8b 8c 82 20 4f
0x00007ff8a4c71799:   01 00 4d 03 ca 41 ff e1 4c 89 59 f1 44 89 59 f9
0x00007ff8a4c717a9:   66 44 89 59 fd 44 88 59 ff c3 4c 89 59 f2 44 89
0x00007ff8a4c717b9:   59 fa 66 44 89 59 fe c3 66 66 66 66 66 66 66 0f
0x00007ff8a4c717c9:   1f 84 00 00 00 00 00 4c 89 59 f3 44 89 59 fb 44
0x00007ff8a4c717d9:   88 59 ff c3 0f 1f 00 4c 89 59 f4 44 89 59 fc c3
0x00007ff8a4c717e9:   4c 89 59 f5 66 44 89 59 fd 44 88 59 ff c3 4c 89
0x00007ff8a4c717f9:   59 f7 44 88 59 ff c3 4c 89 59 f6 66 44 89 59 fe
0x00007ff8a4c71809:   c3 4c 89 59 f8 c3 90 66 0f 6c c0 49 83 f8 20 77
0x00007ff8a4c71819:   0c f3 0f 7f 01 f3 42 0f 7f 44 01 f0 c3 83 3d eb
0x00007ff8a4c71829:   67 00 00 03 0f 82 dd 01 00 00 4c 3b 05 e6 67 00
0x00007ff8a4c71839:   00 76 16 4c 3b 05 e5 67 00 00 77 0d f6 05 b0 6b
0x00007ff8a4c71849:   00 00 02 0f 85 fe fe ff ff c4 e3 7d 18 c0 01 4c 



---------------  P R O C E S S  ---------------

VM state: not at safepoint (not fully initialized)

VM Mutex/Monitor currently owned by a thread: None

Heap address: 0x0000000000000000, size: 0 MB, Compressed Oops mode: 32-bit

CDS archive(s) mapped at: [0x0000000000000000-0x0000000000000000-0x0000000000000000), size 0, SharedBaseAddress: 0x0000000800000000, ArchiveRelocationMode: 1.
Narrow klass base: 0x0000000000000000, Narrow klass shift: 0, Narrow klass range: 0x0

GC Precious Log:
<Not initialized>

Dll operation events (0 events):
No events

Deoptimization events (0 events):
No events

Classes loaded (0 events):
No events

Classes unloaded (0 events):
No events

Classes redefined (0 events):
No events

Internal exceptions (0 events):
No events

VM Operations (0 events):
No events

Memory protections (0 events):
No events

Nmethod flushes (0 events):
No events

Events (0 events):
No events


Dynamic libraries:
0x00007ff66e320000 - 0x00007ff66e328000 	C:\Program Files (x86)\Android\openjdk\jdk-17.0.14\bin\javac.exe
0x00007ff923890000 - 0x00007ff923a88000 	C:\Windows\SYSTEM32\ntdll.dll
0x00007ff8edcd0000 - 0x00007ff8edcf0000 	C:\Program Files\AVG\Antivirus\aswhook.dll
0x00007ff921a40000 - 0x00007ff921b02000 	C:\Windows\System32\KERNEL32.DLL
0x00007ff920fa0000 - 0x00007ff921296000 	C:\Windows\System32\KERNELBASE.dll
0x00007ff9216d0000 - 0x00007ff9217d0000 	C:\Windows\System32\ucrtbase.dll
0x00007ff8a4c80000 - 0x00007ff8a4c97000 	C:\Program Files (x86)\Android\openjdk\jdk-17.0.14\bin\jli.dll
0x00007ff8a4c60000 - 0x00007ff8a4c7d000 	C:\Program Files (x86)\Android\openjdk\jdk-17.0.14\bin\VCRUNTIME140.dll
0x00007ff923530000 - 0x00007ff9236d1000 	C:\Windows\System32\USER32.dll
0x00007ff903250000 - 0x00007ff9034eb000 	C:\Windows\WinSxS\amd64_microsoft.windows.common-controls_6595b64144ccf1df_6.0.19041.6456_none_60b8a6cb71f64256\COMCTL32.dll
0x00007ff9217d0000 - 0x00007ff9217f2000 	C:\Windows\System32\win32u.dll
0x00007ff921d70000 - 0x00007ff921e0e000 	C:\Windows\System32\msvcrt.dll
0x00007ff921d40000 - 0x00007ff921d6b000 	C:\Windows\System32\GDI32.dll
0x00007ff9214f0000 - 0x00007ff921609000 	C:\Windows\System32\gdi32full.dll
0x00007ff921450000 - 0x00007ff9214ed000 	C:\Windows\System32\msvcp_win.dll
0x00007ff922830000 - 0x00007ff92285f000 	C:\Windows\System32\IMM32.DLL
0x00007ff8a5d50000 - 0x00007ff8a5d5c000 	C:\Program Files (x86)\Android\openjdk\jdk-17.0.14\bin\vcruntime140_1.dll
0x00007ff86ef80000 - 0x00007ff86f00d000 	C:\Program Files (x86)\Android\openjdk\jdk-17.0.14\bin\msvcp140.dll
0x00007ff86c500000 - 0x00007ff86d172000 	C:\Program Files (x86)\Android\openjdk\jdk-17.0.14\bin\server\jvm.dll
0x00007ff922040000 - 0x00007ff9220f1000 	C:\Windows\System32\ADVAPI32.dll
0x00007ff9236e0000 - 0x00007ff92377f000 	C:\Windows\System32\sechost.dll
0x00007ff9218c0000 - 0x00007ff9219e0000 	C:\Windows\System32\RPCRT4.dll
0x00007ff921610000 - 0x00007ff921637000 	C:\Windows\System32\bcrypt.dll
0x00007ff9228e0000 - 0x00007ff92294b000 	C:\Windows\System32\WS2_32.dll
0x00007ff920d80000 - 0x00007ff920dcb000 	C:\Windows\SYSTEM32\POWRPROF.dll
0x00007ff91b710000 - 0x00007ff91b71a000 	C:\Windows\SYSTEM32\VERSION.dll
0x00007ff904990000 - 0x00007ff9049b7000 	C:\Windows\SYSTEM32\WINMM.dll
0x00007ff920d60000 - 0x00007ff920d72000 	C:\Windows\SYSTEM32\UMPDC.dll
0x00007ff91edb0000 - 0x00007ff91edc2000 	C:\Windows\SYSTEM32\kernel.appcore.dll
0x00007ff8a4c50000 - 0x00007ff8a4c5a000 	C:\Program Files (x86)\Android\openjdk\jdk-17.0.14\bin\jimage.dll
0x00007ff91a140000 - 0x00007ff91a341000 	C:\Windows\SYSTEM32\DBGHELP.DLL
0x00007ff91a930000 - 0x00007ff91a964000 	C:\Windows\SYSTEM32\dbgcore.DLL
0x00007ff921640000 - 0x00007ff9216c2000 	C:\Windows\System32\bcryptPrimitives.dll

dbghelp: loaded successfully - version: 4.0.5 - missing functions: none
symbol engine: initialized successfully - sym options: 0x614 - pdb path: .;C:\Program Files (x86)\Android\openjdk\jdk-17.0.14\bin;C:\Windows\SYSTEM32;C:\Program Files\AVG\Antivirus;C:\Windows\WinSxS\amd64_microsoft.windows.common-controls_6595b64144ccf1df_6.0.19041.6456_none_60b8a6cb71f64256;C:\Program Files (x86)\Android\openjdk\jdk-17.0.14\bin\server

VM Arguments:
jvm_args: -Dapplication.home=C:\Program Files (x86)\Android\openjdk\jdk-17.0.14 --add-modules=ALL-DEFAULT -Xms8m -Djdk.module.main=jdk.compiler 
java_command: jdk.compiler/com.sun.tools.javac.Main -version
java_class_path (initial): <not set>
Launcher Type: SUN_STANDARD

[Global flags]
     uint ConcGCThreads                            = 2                                         {product} {ergonomic}
     uint G1ConcRefinementThreads                  = 8                                         {product} {ergonomic}
    uintx GCDrainStackTargetSize                   = 64                                        {product} {ergonomic}
   size_t InitialHeapSize                          = 8388608                                   {product} {command line}
   size_t MarkStackSize                            = 4194304                                   {product} {ergonomic}
   size_t MaxHeapSize                              = 4211917824                                {product} {ergonomic}
   size_t MinHeapSize                              = 8388608                                   {product} {command line}
    uintx ReservedCodeCacheSize                    = 251658240                              {pd product} {ergonomic}
     bool SegmentedCodeCache                       = true                                      {product} {ergonomic}
     bool UseCompressedClassPointers               = true                           {product lp64_product} {ergonomic}
     bool UseCompressedOops                        = true                           {product lp64_product} {ergonomic}
     bool UseG1GC                                  = true                                      {product} {ergonomic}
     bool UseLargePagesIndividualAllocation        = false                                  {pd product} {ergonomic}

Logging:
Log output configuration:
 #0: stdout all=warning uptime,level,tags
 #1: stderr all=off uptime,level,tags

Environment Variables:
PATH=C:\Program Files (x86)\Android\openjdk\jdk-17.0.14\bin;E:\app\User\dbhomeXE\bin;E:\Oracle\bin;C:\Program Files (x86)\Intel\iCLS Client\;C:\Program Files\Intel\iCLS Client\;C:\Windows\system32;C:\Windows;C:\Windows\System32\Wbem;C:\Windows\System32\WindowsPowerShell\v1.0\;C:\Windows\System32\OpenSSH\;C:\Program Files (x86)\Intel\Intel(R) Management Engine Components\DAL;C:\Program Files\Intel\Intel(R) Management Engine Components\DAL;C:\Program Files (x86)\Intel\Intel(R) Management Engine Components\IPT;C:\Program Files\Intel\Intel(R) Management Engine Components\IPT;C:\Program Files\Microsoft SQL Server\Client SDK\ODBC\170\Tools\Binn\;C:\Program Files (x86)\Microsoft SQL Server\150\Tools\Binn\;C:\Program Files\Microsoft SQL Server\150\Tools\Binn\;C:\Program Files\Microsoft SQL Server\150\DTS\Binn\;C:\Program Files\Microsoft SQL Server\Client SDK\ODBC\110\Tools\Binn\;C:\Program Files (x86)\Microsoft SQL Server\120\Tools\Binn\;C:\Program Files\Microsoft SQL Server\120\Tools\Binn\;C:\Program Files\Microsoft SQL Server\120\DTS\Binn\;C:\Program Files\dotnet\;C:\ProgramData\chocolatey\bin;e:\Program Files\Microsoft Visual Studio\2022\Community\VC\Tools\MSVC\14.41.34120\lib\onecore\x64\;C:\Program Files\Git\cmd;C:\DotNetFix\;C:\Users\User\.cargo\bin;G:\Rust\.cargo\bin;C:\Users\User\AppData\Local\Microsoft\WindowsApps;C:\Program Files\Azure Data Studio\bin;C:\Users\User\.dotnet\tools;C:\ghcup\bin;C:\Users\User\.dotnet\tools;e:\Program Files\Microsoft Visual Studio\2022\Community\VC\Tools\MSVC\14.41.34120\bin\Hostx64\x64\;C:\Users\User\.dotnet\tools
USERNAME=User
OS=Windows_NT
PROCESSOR_IDENTIFIER=Intel64 Family 6 Model 58 Stepping 9, GenuineIntel
TMP=C:\Users\User\AppData\Local\Temp
TEMP=C:\Users\User\AppData\Local\Temp



Periodic native trim disabled


---------------  S Y S T E M  ---------------

OS:
 Windows 10 , 64 bit Build 19041 (10.0.19041.5915)
OS uptime: 0 days 0:39 hours

CPU: total 8 (initial active 8) 
Processor Information for the first 8 processors :
  Max Mhz: 3401, Current Mhz: 3401, Mhz Limit: 3401

Memory: 4k page, system-wide physical 16067M (5827M free)
TotalPageFile size 22979M (AvailPageFile size 12944M)
current process WorkingSet (physical memory assigned to process): 8M, peak: 8M
current process commit charge ("private bytes"): 3M, peak: 3M

vm_info: OpenJDK 64-Bit Server VM (17.0.14+7-LTS) for windows-amd64 JRE (17.0.14+7-LTS), built on Jan  8 2025 23:39:28 by "MicrosoftCorporation" with unknown MS VC++:1939

END.
